2015-08-16 16:13:29: -- Analysis Started by User
2015-08-16 16:13:29: L: State file does not exist: C:/Vault/Revit API/pyRevitWIP/_gsdata_/_file_state_v4._gs
2015-08-16 16:13:29: R: State file does not exist: C:/Vault/Revit API/pyRevit/_gsdata_/_file_state_v4._gs
2015-08-16 16:13:29: Changes: 688, Conflicts: 0, CopyTime: 0, CopyState: 0/1, Errors: 0, All: 699
2015-08-16 16:13:29: Left to Right: Copy File: 686 
2015-08-16 16:13:29: Right to Left: Copy File: 2 
2015-08-16 16:13:29: -- Analysis Complete. Time 00:00:00, Speed: Many files/s
2015-08-16 16:13:29: 
2015-08-16 16:14:41: New _gsdata_ folder(s) created, so rescan all job folders for their ghosts
2015-08-16 16:14:41: == Sync Started by User
2015-08-16 16:14:43: Create Folder 'C:/Vault/Revit API/pyRevit/pyRevit'
2015-08-16 16:14:43: Create Folder 'C:/Vault/Revit API/pyRevit/templates'
2015-08-16 16:14:43: Copy New 'C:/Vault/Revit API/pyRevitWIP/0000_pyRevit_PushButton_pyShell_RevitPythonShell_IronPythonConsoleCommand.png' -> 'C:/Vault/Revit API/pyRevit/0000_pyRevit_PushButton_pyShell_RevitPythonShell_IronPythonConsoleCommand.png'
2015-08-16 16:14:43: Copy New 'C:/Vault/Revit API/pyRevitWIP/0005_pyRevit_PushButton_Lookup_RevitLookup_CmdSnoopDb.png' -> 'C:/Vault/Revit API/pyRevit/0005_pyRevit_PushButton_Lookup_RevitLookup_CmdSnoopDb.png'
2015-08-16 16:14:43: Copy New 'C:/Vault/Revit API/pyRevitWIP/0010_pyRevit_PulldownButton_Settings.png' -> 'C:/Vault/Revit API/pyRevit/0010_pyRevit_PulldownButton_Settings.png'
2015-08-16 16:14:43: Copy New 'C:/Vault/Revit API/pyRevitWIP/0020_pyRevit_PulldownButton_Spy.png' -> 'C:/Vault/Revit API/pyRevit/0020_pyRevit_PulldownButton_Spy.png'
2015-08-16 16:14:43: Copy New 'C:/Vault/Revit API/pyRevitWIP/0030_pyRevit_PulldownButton_WIP.png' -> 'C:/Vault/Revit API/pyRevit/0030_pyRevit_PulldownButton_WIP.png'
2015-08-16 16:14:43: Copy New 'C:/Vault/Revit API/pyRevitWIP/1000_Selection_Stack3_SelectionMemA.png' -> 'C:/Vault/Revit API/pyRevit/1000_Selection_Stack3_SelectionMemA.png'
2015-08-16 16:14:43: Copy New 'C:/Vault/Revit API/pyRevitWIP/1010_Selection_PulldownButton_Select.png' -> 'C:/Vault/Revit API/pyRevit/1010_Selection_PulldownButton_Select.png'
2015-08-16 16:14:43: Copy New 'C:/Vault/Revit API/pyRevitWIP/1020_Selection_PulldownButton_Filter.png' -> 'C:/Vault/Revit API/pyRevit/1020_Selection_PulldownButton_Filter.png'
2015-08-16 16:14:43: Copy New 'C:/Vault/Revit API/pyRevitWIP/1030_Selection_PulldownButton_Inspect.png' -> 'C:/Vault/Revit API/pyRevit/1030_Selection_PulldownButton_Inspect.png'
2015-08-16 16:14:43: Copy New 'C:/Vault/Revit API/pyRevitWIP/2000_Analysis_PulldownButton_Analyse.png' -> 'C:/Vault/Revit API/pyRevit/2000_Analysis_PulldownButton_Analyse.png'
2015-08-16 16:14:43: Copy New 'C:/Vault/Revit API/pyRevitWIP/3000_Modify_PulldownButton_Edit.png' -> 'C:/Vault/Revit API/pyRevit/3000_Modify_PulldownButton_Edit.png'
2015-08-16 16:14:43: Copy New 'C:/Vault/Revit API/pyRevitWIP/3010_Modify_PulldownButton_Text.png' -> 'C:/Vault/Revit API/pyRevit/3010_Modify_PulldownButton_Text.png'
2015-08-16 16:14:43: Copy New 'C:/Vault/Revit API/pyRevitWIP/3020_Modify_PulldownButton_Draft.png' -> 'C:/Vault/Revit API/pyRevit/3020_Modify_PulldownButton_Draft.png'
2015-08-16 16:14:43: Copy New 'C:/Vault/Revit API/pyRevitWIP/3030_Modify_PulldownButton_Model.png' -> 'C:/Vault/Revit API/pyRevit/3030_Modify_PulldownButton_Model.png'
2015-08-16 16:14:43: Copy New 'C:/Vault/Revit API/pyRevitWIP/3040_Modify_PulldownButton_Groups.png' -> 'C:/Vault/Revit API/pyRevit/3040_Modify_PulldownButton_Groups.png'
2015-08-16 16:14:43: Copy New 'C:/Vault/Revit API/pyRevitWIP/3050_Modify_PulldownButton_Rooms.png' -> 'C:/Vault/Revit API/pyRevit/3050_Modify_PulldownButton_Rooms.png'
2015-08-16 16:14:43: Copy New 'C:/Vault/Revit API/pyRevitWIP/3060_Modify_PulldownButton_Legends.png' -> 'C:/Vault/Revit API/pyRevit/3060_Modify_PulldownButton_Legends.png'
2015-08-16 16:14:43: Copy New 'C:/Vault/Revit API/pyRevitWIP/3070_Modify_PulldownButton_Links.png' -> 'C:/Vault/Revit API/pyRevit/3070_Modify_PulldownButton_Links.png'
2015-08-16 16:14:43: Copy New 'C:/Vault/Revit API/pyRevitWIP/3080_Modify_PulldownButton_Schedules.png' -> 'C:/Vault/Revit API/pyRevit/3080_Modify_PulldownButton_Schedules.png'
2015-08-16 16:14:43: Copy New 'C:/Vault/Revit API/pyRevitWIP/3090_Modify_PulldownButton_Sheets.png' -> 'C:/Vault/Revit API/pyRevit/3090_Modify_PulldownButton_Sheets.png'
2015-08-16 16:14:43: Copy New 'C:/Vault/Revit API/pyRevitWIP/3091_Modify_PulldownButton_Site.png' -> 'C:/Vault/Revit API/pyRevit/3091_Modify_PulldownButton_Site.png'
2015-08-16 16:14:43: Copy New 'C:/Vault/Revit API/pyRevitWIP/3092_Modify_PulldownButton_Organize.png' -> 'C:/Vault/Revit API/pyRevit/3092_Modify_PulldownButton_Organize.png'
2015-08-16 16:14:43: Copy New 'C:/Vault/Revit API/pyRevitWIP/4000_BIM_PulldownButton_BIM.png' -> 'C:/Vault/Revit API/pyRevit/4000_BIM_PulldownButton_BIM.png'
2015-08-16 16:14:43: Copy New 'C:/Vault/Revit API/pyRevitWIP/4010_BIM_PulldownButton_List.png' -> 'C:/Vault/Revit API/pyRevit/4010_BIM_PulldownButton_List.png'
2015-08-16 16:14:43: Copy New 'C:/Vault/Revit API/pyRevitWIP/4020_BIM_PulldownButton_Wipe.png' -> 'C:/Vault/Revit API/pyRevit/4020_BIM_PulldownButton_Wipe.png'
2015-08-16 16:14:43: Copy New 'C:/Vault/Revit API/pyRevitWIP/5000_Desktop_PulldownButton_Desktop.png' -> 'C:/Vault/Revit API/pyRevit/5000_Desktop_PulldownButton_Desktop.png'
2015-08-16 16:14:43: Copy New 'C:/Vault/Revit API/pyRevitWIP/5010_Desktop_PulldownButton_Print.png' -> 'C:/Vault/Revit API/pyRevit/5010_Desktop_PulldownButton_Print.png'
2015-08-16 16:14:43: Copy New 'C:/Vault/Revit API/pyRevitWIP/5020_Desktop_PulldownButton_User.png' -> 'C:/Vault/Revit API/pyRevit/5020_Desktop_PulldownButton_User.png'
2015-08-16 16:14:43: Copy New 'C:/Vault/Revit API/pyRevitWIP/__RPS__userInit.py' -> 'C:/Vault/Revit API/pyRevit/__RPS__userInit.py'
2015-08-16 16:14:43: Copy New 'C:/Vault/Revit API/pyRevitWIP/__RPS__userSetup.py' -> 'C:/Vault/Revit API/pyRevit/__RPS__userSetup.py'
2015-08-16 16:14:43: Copy New 'C:/Vault/Revit API/pyRevitWIP/Analyse_listLineEndpoints.py' -> 'C:/Vault/Revit API/pyRevit/Analyse_listLineEndpoints.py'
2015-08-16 16:14:43: Copy New 'C:/Vault/Revit API/pyRevitWIP/Analyse_sumAllSelectedEntityAreas.png' -> 'C:/Vault/Revit API/pyRevit/Analyse_sumAllSelectedEntityAreas.png'
2015-08-16 16:14:43: Copy New 'C:/Vault/Revit API/pyRevitWIP/Analyse_sumAllSelectedEntityAreas.py' -> 'C:/Vault/Revit API/pyRevit/Analyse_sumAllSelectedEntityAreas.py'
2015-08-16 16:14:43: Copy New 'C:/Vault/Revit API/pyRevitWIP/Analyse_sumAllSelectedEntityLengths.png' -> 'C:/Vault/Revit API/pyRevit/Analyse_sumAllSelectedEntityLengths.png'
2015-08-16 16:14:43: Copy New 'C:/Vault/Revit API/pyRevitWIP/Analyse_sumAllSelectedEntityLengths.py' -> 'C:/Vault/Revit API/pyRevit/Analyse_sumAllSelectedEntityLengths.py'
2015-08-16 16:14:43: Copy New 'C:/Vault/Revit API/pyRevitWIP/Analyse_sumAllSelectedEntityVolumes.png' -> 'C:/Vault/Revit API/pyRevit/Analyse_sumAllSelectedEntityVolumes.png'
2015-08-16 16:14:43: Copy New 'C:/Vault/Revit API/pyRevitWIP/Analyse_sumAllSelectedEntityVolumes.py' -> 'C:/Vault/Revit API/pyRevit/Analyse_sumAllSelectedEntityVolumes.py'
2015-08-16 16:14:43: Copy New 'C:/Vault/Revit API/pyRevitWIP/BIM_disableSiteDesignerAddin.py' -> 'C:/Vault/Revit API/pyRevit/BIM_disableSiteDesignerAddin.py'
2015-08-16 16:14:43: Copy New 'C:/Vault/Revit API/pyRevitWIP/BIM_getCentralPath.png' -> 'C:/Vault/Revit API/pyRevit/BIM_getCentralPath.png'
2015-08-16 16:14:43: Copy New 'C:/Vault/Revit API/pyRevitWIP/BIM_getCentralPath.py' -> 'C:/Vault/Revit API/pyRevit/BIM_getCentralPath.py'
2015-08-16 16:14:43: Copy New 'C:/Vault/Revit API/pyRevitWIP/BIM_openBIMemail.png' -> 'C:/Vault/Revit API/pyRevit/BIM_openBIMemail.png'
2015-08-16 16:14:43: Copy New 'C:/Vault/Revit API/pyRevitWIP/BIM_openBIMemail.py' -> 'C:/Vault/Revit API/pyRevit/BIM_openBIMemail.py'
2015-08-16 16:14:43: Copy New 'C:/Vault/Revit API/pyRevitWIP/BIM_openLRSbimFamilyTools.png' -> 'C:/Vault/Revit API/pyRevit/BIM_openLRSbimFamilyTools.png'
2015-08-16 16:14:43: Copy New 'C:/Vault/Revit API/pyRevitWIP/BIM_openLRSbimFamilyTools.py' -> 'C:/Vault/Revit API/pyRevit/BIM_openLRSbimFamilyTools.py'
2015-08-16 16:14:43: Copy New 'C:/Vault/Revit API/pyRevitWIP/Desktop_cleanupFilenamesUnderDesktopCleanup.py' -> 'C:/Vault/Revit API/pyRevit/Desktop_cleanupFilenamesUnderDesktopCleanup.py'
2015-08-16 16:14:43: Copy New 'C:/Vault/Revit API/pyRevitWIP/Desktop_flattenFolderOnDesktop.py' -> 'C:/Vault/Revit API/pyRevit/Desktop_flattenFolderOnDesktop.py'
2015-08-16 16:14:43: Copy New 'C:/Vault/Revit API/pyRevitWIP/Desktop_getSysPath.py' -> 'C:/Vault/Revit API/pyRevit/Desktop_getSysPath.py'
2015-08-16 16:14:43: Copy New 'C:/Vault/Revit API/pyRevitWIP/Desktop_makeBaseArchitecturalFoldersOnMyDesktop.png' -> 'C:/Vault/Revit API/pyRevit/Desktop_makeBaseArchitecturalFoldersOnMyDesktop.png'
2015-08-16 16:14:43: Copy New 'C:/Vault/Revit API/pyRevitWIP/Desktop_makeBaseArchitecturalFoldersOnMyDesktop.py' -> 'C:/Vault/Revit API/pyRevit/Desktop_makeBaseArchitecturalFoldersOnMyDesktop.py'
2015-08-16 16:14:43: Copy New 'C:/Vault/Revit API/pyRevitWIP/Desktop_openIconSource.png' -> 'C:/Vault/Revit API/pyRevit/Desktop_openIconSource.png'
2015-08-16 16:14:43: Copy New 'C:/Vault/Revit API/pyRevitWIP/Desktop_openIconSource.py' -> 'C:/Vault/Revit API/pyRevit/Desktop_openIconSource.py'
2015-08-16 16:14:43: Copy New 'C:/Vault/Revit API/pyRevitWIP/Desktop_RegExTool.py' -> 'C:/Vault/Revit API/pyRevit/Desktop_RegExTool.py'
2015-08-16 16:14:43: Copy New 'C:/Vault/Revit API/pyRevitWIP/Desktop_renamePDFSheetsOnMyDesktop.py' -> 'C:/Vault/Revit API/pyRevit/Desktop_renamePDFSheetsOnMyDesktop.py'
2015-08-16 16:14:43: Copy New 'C:/Vault/Revit API/pyRevitWIP/Draft_bringToFrontSelected.py' -> 'C:/Vault/Revit API/pyRevit/Draft_bringToFrontSelected.py'
2015-08-16 16:14:43: Copy New 'C:/Vault/Revit API/pyRevitWIP/Draft_changeLineToSolid.py' -> 'C:/Vault/Revit API/pyRevit/Draft_changeLineToSolid.py'
2015-08-16 16:14:43: Copy New 'C:/Vault/Revit API/pyRevitWIP/Draft_exportViewAsImage.png' -> 'C:/Vault/Revit API/pyRevit/Draft_exportViewAsImage.png'
2015-08-16 16:14:43: Copy New 'C:/Vault/Revit API/pyRevitWIP/Draft_exportViewAsImage.py' -> 'C:/Vault/Revit API/pyRevit/Draft_exportViewAsImage.py'
2015-08-16 16:14:43: Copy New 'C:/Vault/Revit API/pyRevitWIP/Draft_halftoneSelectedElementsInActiveView.py' -> 'C:/Vault/Revit API/pyRevit/Draft_halftoneSelectedElementsInActiveView.py'
2015-08-16 16:14:43: Copy New 'C:/Vault/Revit API/pyRevitWIP/Draft_resetElementGraphicOverrides.py' -> 'C:/Vault/Revit API/pyRevit/Draft_resetElementGraphicOverrides.py'
2015-08-16 16:14:43: Copy New 'C:/Vault/Revit API/pyRevitWIP/Draft_setDimsToEQ.py' -> 'C:/Vault/Revit API/pyRevit/Draft_setDimsToEQ.py'
2015-08-16 16:14:43: Copy New 'C:/Vault/Revit API/pyRevitWIP/Draft_solidLineSelectedElementsInActiveView.py' -> 'C:/Vault/Revit API/pyRevit/Draft_solidLineSelectedElementsInActiveView.py'
2015-08-16 16:14:43: Copy New 'C:/Vault/Revit API/pyRevitWIP/Draft_whiteOutSelectedElementsInActiveView.py' -> 'C:/Vault/Revit API/pyRevit/Draft_whiteOutSelectedElementsInActiveView.py'
2015-08-16 16:14:43: Copy New 'C:/Vault/Revit API/pyRevitWIP/Edit_flipFacingSelected.png' -> 'C:/Vault/Revit API/pyRevit/Edit_flipFacingSelected.png'
2015-08-16 16:14:43: Copy New 'C:/Vault/Revit API/pyRevitWIP/Edit_flipFacingSelected.py' -> 'C:/Vault/Revit API/pyRevit/Edit_flipFacingSelected.py'
2015-08-16 16:14:43: Copy New 'C:/Vault/Revit API/pyRevitWIP/Edit_flipHandSelected.png' -> 'C:/Vault/Revit API/pyRevit/Edit_flipHandSelected.png'
2015-08-16 16:14:43: Copy New 'C:/Vault/Revit API/pyRevitWIP/Edit_flipHandSelected.py' -> 'C:/Vault/Revit API/pyRevit/Edit_flipHandSelected.py'
2015-08-16 16:14:43: Copy New 'C:/Vault/Revit API/pyRevitWIP/Edit_flipWallLocationLine.py' -> 'C:/Vault/Revit API/pyRevit/Edit_flipWallLocationLine.py'
2015-08-16 16:14:43: Copy New 'C:/Vault/Revit API/pyRevitWIP/Edit_flipWallOrientation.png' -> 'C:/Vault/Revit API/pyRevit/Edit_flipWallOrientation.png'
2015-08-16 16:14:43: Copy New 'C:/Vault/Revit API/pyRevitWIP/Edit_flipWallOrientation.py' -> 'C:/Vault/Revit API/pyRevit/Edit_flipWallOrientation.py'
2015-08-16 16:14:43: Copy New 'C:/Vault/Revit API/pyRevitWIP/Filter_filterGroupedElements.py' -> 'C:/Vault/Revit API/pyRevit/Filter_filterGroupedElements.py'
2015-08-16 16:14:43: Copy New 'C:/Vault/Revit API/pyRevitWIP/Filter_filterPinnedElements.png' -> 'C:/Vault/Revit API/pyRevit/Filter_filterPinnedElements.png'
2015-08-16 16:14:43: Copy New 'C:/Vault/Revit API/pyRevitWIP/Filter_filterPinnedElements.py' -> 'C:/Vault/Revit API/pyRevit/Filter_filterPinnedElements.py'
2015-08-16 16:14:43: Copy New 'C:/Vault/Revit API/pyRevitWIP/Filter_pickAreas.py' -> 'C:/Vault/Revit API/pyRevit/Filter_pickAreas.py'
2015-08-16 16:14:43: Copy New 'C:/Vault/Revit API/pyRevitWIP/Filter_pickDimensions.py' -> 'C:/Vault/Revit API/pyRevit/Filter_pickDimensions.py'
2015-08-16 16:14:43: Copy New 'C:/Vault/Revit API/pyRevitWIP/Filter_pickDoors.py' -> 'C:/Vault/Revit API/pyRevit/Filter_pickDoors.py'
2015-08-16 16:14:43: Copy New 'C:/Vault/Revit API/pyRevitWIP/Filter_pickFurniture.py' -> 'C:/Vault/Revit API/pyRevit/Filter_pickFurniture.py'
2015-08-16 16:14:43: Copy New 'C:/Vault/Revit API/pyRevitWIP/Filter_pickGrids.py' -> 'C:/Vault/Revit API/pyRevit/Filter_pickGrids.py'
2015-08-16 16:14:43: Copy New 'C:/Vault/Revit API/pyRevitWIP/Filter_pickModelOnly.py' -> 'C:/Vault/Revit API/pyRevit/Filter_pickModelOnly.py'
2015-08-16 16:14:43: Copy New 'C:/Vault/Revit API/pyRevitWIP/Filter_pickViewSpecific.py' -> 'C:/Vault/Revit API/pyRevit/Filter_pickViewSpecific.py'
2015-08-16 16:14:43: Copy New 'C:/Vault/Revit API/pyRevitWIP/Groups_explodeAndRemoveAllGroups.png' -> 'C:/Vault/Revit API/pyRevit/Groups_explodeAndRemoveAllGroups.png'
2015-08-16 16:14:43: Copy New 'C:/Vault/Revit API/pyRevitWIP/Groups_explodeAndRemoveAllGroups.py' -> 'C:/Vault/Revit API/pyRevit/Groups_explodeAndRemoveAllGroups.py'
2015-08-16 16:14:43: Copy New 'C:/Vault/Revit API/pyRevitWIP/Inspect_findAllAttachedConstraints.py' -> 'C:/Vault/Revit API/pyRevit/Inspect_findAllAttachedConstraints.py'
2015-08-16 16:14:43: Copy New 'C:/Vault/Revit API/pyRevitWIP/Inspect_findLinkedElements.py' -> 'C:/Vault/Revit API/pyRevit/Inspect_findLinkedElements.py'
2015-08-16 16:14:43: Copy New 'C:/Vault/Revit API/pyRevitWIP/Inspect_findListOfViewsShowingElement.py' -> 'C:/Vault/Revit API/pyRevit/Inspect_findListOfViewsShowingElement.py'
2015-08-16 16:14:43: Copy New 'C:/Vault/Revit API/pyRevitWIP/Inspect_findPaintedSurfaces.png' -> 'C:/Vault/Revit API/pyRevit/Inspect_findPaintedSurfaces.png'
2015-08-16 16:14:43: Copy New 'C:/Vault/Revit API/pyRevitWIP/Inspect_findPaintedSurfaces.py' -> 'C:/Vault/Revit API/pyRevit/Inspect_findPaintedSurfaces.py'
2015-08-16 16:14:43: Copy New 'C:/Vault/Revit API/pyRevitWIP/Inspect_findReferencingSheets.py' -> 'C:/Vault/Revit API/pyRevit/Inspect_findReferencingSheets.py'
2015-08-16 16:14:43: Copy New 'C:/Vault/Revit API/pyRevitWIP/Legends_removeAllLegendItemsInAllLegends.py' -> 'C:/Vault/Revit API/pyRevit/Legends_removeAllLegendItemsInAllLegends.py'
2015-08-16 16:14:43: Copy New 'C:/Vault/Revit API/pyRevit/LICENSE' -> 'C:/Vault/Revit API/pyRevitWIP/LICENSE'
2015-08-16 16:14:43: Copy New 'C:/Vault/Revit API/pyRevitWIP/Links_listAllExternalReferences.png' -> 'C:/Vault/Revit API/pyRevit/Links_listAllExternalReferences.png'
2015-08-16 16:14:43: Copy New 'C:/Vault/Revit API/pyRevitWIP/Links_listAllExternalReferences.py' -> 'C:/Vault/Revit API/pyRevit/Links_listAllExternalReferences.py'
2015-08-16 16:14:43: Copy New 'C:/Vault/Revit API/pyRevitWIP/Links_reloadCADLinks.py' -> 'C:/Vault/Revit API/pyRevit/Links_reloadCADLinks.py'
2015-08-16 16:14:43: Copy New 'C:/Vault/Revit API/pyRevitWIP/Links_reloadREVITLinks.py' -> 'C:/Vault/Revit API/pyRevit/Links_reloadREVITLinks.py'
2015-08-16 16:14:43: Copy New 'C:/Vault/Revit API/pyRevitWIP/Links_removeAllLinks.png' -> 'C:/Vault/Revit API/pyRevit/Links_removeAllLinks.png'
2015-08-16 16:14:43: Copy New 'C:/Vault/Revit API/pyRevitWIP/Links_removeAllLinks.py' -> 'C:/Vault/Revit API/pyRevit/Links_removeAllLinks.py'
2015-08-16 16:14:43: Copy New 'C:/Vault/Revit API/pyRevitWIP/List_listAllCategories.py' -> 'C:/Vault/Revit API/pyRevit/List_listAllCategories.py'
2015-08-16 16:14:43: Copy New 'C:/Vault/Revit API/pyRevitWIP/List_listAllGrids.py' -> 'C:/Vault/Revit API/pyRevit/List_listAllGrids.py'
2015-08-16 16:14:43: Copy New 'C:/Vault/Revit API/pyRevitWIP/List_listAllLinePatterns.py' -> 'C:/Vault/Revit API/pyRevit/List_listAllLinePatterns.py'
2015-08-16 16:14:43: Copy New 'C:/Vault/Revit API/pyRevitWIP/List_listAllLinesOfSelectedStyle.py' -> 'C:/Vault/Revit API/pyRevit/List_listAllLinesOfSelectedStyle.py'
2015-08-16 16:14:43: Copy New 'C:/Vault/Revit API/pyRevitWIP/List_listAllLineStyles.py' -> 'C:/Vault/Revit API/pyRevit/List_listAllLineStyles.py'
2015-08-16 16:14:43: Copy New 'C:/Vault/Revit API/pyRevitWIP/List_listAllModelDetailSketchLines.py' -> 'C:/Vault/Revit API/pyRevit/List_listAllModelDetailSketchLines.py'
2015-08-16 16:14:43: Copy New 'C:/Vault/Revit API/pyRevitWIP/List_listAllProjectParameters.py' -> 'C:/Vault/Revit API/pyRevit/List_listAllProjectParameters.py'
2015-08-16 16:14:43: Copy New 'C:/Vault/Revit API/pyRevitWIP/List_listAllRevisionClouds.py' -> 'C:/Vault/Revit API/pyRevit/List_listAllRevisionClouds.py'
2015-08-16 16:14:43: Copy New 'C:/Vault/Revit API/pyRevitWIP/List_listAllRevisions.py' -> 'C:/Vault/Revit API/pyRevit/List_listAllRevisions.py'
2015-08-16 16:14:43: Copy New 'C:/Vault/Revit API/pyRevitWIP/List_listAreas.py' -> 'C:/Vault/Revit API/pyRevit/List_listAreas.py'
2015-08-16 16:14:43: Copy New 'C:/Vault/Revit API/pyRevitWIP/List_listFamilies.py' -> 'C:/Vault/Revit API/pyRevit/List_listFamilies.py'
2015-08-16 16:14:43: Copy New 'C:/Vault/Revit API/pyRevitWIP/List_listFamilySymbols.py' -> 'C:/Vault/Revit API/pyRevit/List_listFamilySymbols.py'
2015-08-16 16:14:43: Copy New 'C:/Vault/Revit API/pyRevitWIP/List_listLevels.py' -> 'C:/Vault/Revit API/pyRevit/List_listLevels.py'
2015-08-16 16:14:43: Copy New 'C:/Vault/Revit API/pyRevitWIP/List_listReferencedViews.py' -> 'C:/Vault/Revit API/pyRevit/List_listReferencedViews.py'
2015-08-16 16:14:43: Copy New 'C:/Vault/Revit API/pyRevitWIP/List_listRooms.py' -> 'C:/Vault/Revit API/pyRevit/List_listRooms.py'
2015-08-16 16:14:43: Copy New 'C:/Vault/Revit API/pyRevitWIP/List_listScopeBoxes.py' -> 'C:/Vault/Revit API/pyRevit/List_listScopeBoxes.py'
2015-08-16 16:14:43: Copy New 'C:/Vault/Revit API/pyRevitWIP/List_listSheets.py' -> 'C:/Vault/Revit API/pyRevit/List_listSheets.py'
2015-08-16 16:14:43: Copy New 'C:/Vault/Revit API/pyRevitWIP/List_listViews.py' -> 'C:/Vault/Revit API/pyRevit/List_listViews.py'
2015-08-16 16:14:43: Copy New 'C:/Vault/Revit API/pyRevitWIP/List_listViewsMarkedDeleted.py' -> 'C:/Vault/Revit API/pyRevit/List_listViewsMarkedDeleted.py'
2015-08-16 16:14:43: Copy New 'C:/Vault/Revit API/pyRevitWIP/List_listViewsWithTemplate.py' -> 'C:/Vault/Revit API/pyRevit/List_listViewsWithTemplate.py'
2015-08-16 16:14:43: Copy New 'C:/Vault/Revit API/pyRevitWIP/List_listViewsWithUnderlay.py' -> 'C:/Vault/Revit API/pyRevit/List_listViewsWithUnderlay.py'
2015-08-16 16:14:43: Copy New 'C:/Vault/Revit API/pyRevitWIP/Model_orientViewToFace.py' -> 'C:/Vault/Revit API/pyRevit/Model_orientViewToFace.py'
2015-08-16 16:14:43: Copy New 'C:/Vault/Revit API/pyRevitWIP/Organize_applyUpperViewNameToNameOnSheet.py' -> 'C:/Vault/Revit API/pyRevit/Organize_applyUpperViewNameToNameOnSheet.py'
2015-08-16 16:14:43: Copy New 'C:/Vault/Revit API/pyRevitWIP/Organize_capitalizeAllViewLocations.py' -> 'C:/Vault/Revit API/pyRevit/Organize_capitalizeAllViewLocations.py'
2015-08-16 16:14:43: Copy New 'C:/Vault/Revit API/pyRevitWIP/Organize_changeViewNamesToUpperCase.py' -> 'C:/Vault/Revit API/pyRevit/Organize_changeViewNamesToUpperCase.py'
2015-08-16 16:14:43: Copy New 'C:/Vault/Revit API/pyRevitWIP/Organize_duplicateSelectedViewsWithDetailing.py' -> 'C:/Vault/Revit API/pyRevit/Organize_duplicateSelectedViewsWithDetailing.py'
2015-08-16 16:14:43: Copy New 'C:/Vault/Revit API/pyRevitWIP/Organize_renameAllSheetsToUpperCase.py' -> 'C:/Vault/Revit API/pyRevit/Organize_renameAllSheetsToUpperCase.py'
2015-08-16 16:14:43: Copy New 'C:/Vault/Revit API/pyRevitWIP/Organize_renameSheetDescriptionBySheetNumber.py' -> 'C:/Vault/Revit API/pyRevit/Organize_renameSheetDescriptionBySheetNumber.py'
2015-08-16 16:14:43: Copy New 'C:/Vault/Revit API/pyRevitWIP/Organize_setSelectedViewsToDeleted.py' -> 'C:/Vault/Revit API/pyRevit/Organize_setSelectedViewsToDeleted.py'
2015-08-16 16:14:43: Copy New 'C:/Vault/Revit API/pyRevitWIP/Print_revuPrintPromptOff.py' -> 'C:/Vault/Revit API/pyRevit/Print_revuPrintPromptOff.py'
2015-08-16 16:14:43: Copy New 'C:/Vault/Revit API/pyRevitWIP/Print_revuPrintPromptOn.py' -> 'C:/Vault/Revit API/pyRevit/Print_revuPrintPromptOn.py'
2015-08-16 16:14:43: Copy New 'C:/Vault/Revit API/pyRevitWIP/pyRevit/__init__.py' -> 'C:/Vault/Revit API/pyRevit/pyRevit/__init__.py'
2015-08-16 16:14:43: Copy New 'C:/Vault/Revit API/pyRevit/README.md' -> 'C:/Vault/Revit API/pyRevitWIP/README.md'
2015-08-16 16:14:43: Copy New 'C:/Vault/Revit API/pyRevitWIP/Rooms_shiftSelectedRoomsOneUp.py' -> 'C:/Vault/Revit API/pyRevit/Rooms_shiftSelectedRoomsOneUp.py'
2015-08-16 16:14:43: Copy New 'C:/Vault/Revit API/pyRevitWIP/Schedules_exportScheduleToTextOnDesktop.png' -> 'C:/Vault/Revit API/pyRevit/Schedules_exportScheduleToTextOnDesktop.png'
2015-08-16 16:14:43: Copy New 'C:/Vault/Revit API/pyRevitWIP/Schedules_exportScheduleToTextOnDesktop.py' -> 'C:/Vault/Revit API/pyRevit/Schedules_exportScheduleToTextOnDesktop.py'
2015-08-16 16:14:43: Copy New 'C:/Vault/Revit API/pyRevitWIP/Select_MClear.png' -> 'C:/Vault/Revit API/pyRevit/Select_MClear.png'
2015-08-16 16:14:43: Copy New 'C:/Vault/Revit API/pyRevitWIP/Select_MClear.py' -> 'C:/Vault/Revit API/pyRevit/Select_MClear.py'
2015-08-16 16:14:43: Copy New 'C:/Vault/Revit API/pyRevitWIP/Select_MDeduct.png' -> 'C:/Vault/Revit API/pyRevit/Select_MDeduct.png'
2015-08-16 16:14:43: Copy New 'C:/Vault/Revit API/pyRevitWIP/Select_MDeduct.py' -> 'C:/Vault/Revit API/pyRevit/Select_MDeduct.py'
2015-08-16 16:14:43: Copy New 'C:/Vault/Revit API/pyRevitWIP/Select_MPurgeAllSelectionDataFiles.png' -> 'C:/Vault/Revit API/pyRevit/Select_MPurgeAllSelectionDataFiles.png'
2015-08-16 16:14:43: Copy New 'C:/Vault/Revit API/pyRevitWIP/Select_MPurgeAllSelectionDataFiles.py' -> 'C:/Vault/Revit API/pyRevit/Select_MPurgeAllSelectionDataFiles.py'
2015-08-16 16:14:43: Copy New 'C:/Vault/Revit API/pyRevitWIP/Select_MSaveSelection.png' -> 'C:/Vault/Revit API/pyRevit/Select_MSaveSelection.png'
2015-08-16 16:14:43: Copy New 'C:/Vault/Revit API/pyRevitWIP/Select_MSaveSelection.py' -> 'C:/Vault/Revit API/pyRevit/Select_MSaveSelection.py'
2015-08-16 16:14:43: Copy New 'C:/Vault/Revit API/pyRevitWIP/Select_selectAllObjectsOfSelectedType.py' -> 'C:/Vault/Revit API/pyRevit/Select_selectAllObjectsOfSelectedType.py'
2015-08-16 16:14:43: Copy New 'C:/Vault/Revit API/pyRevitWIP/Select_selectVerticalReveals.py' -> 'C:/Vault/Revit API/pyRevit/Select_selectVerticalReveals.py'
2015-08-16 16:14:43: Copy New 'C:/Vault/Revit API/pyRevitWIP/Select_showSelectedElements.py' -> 'C:/Vault/Revit API/pyRevit/Select_showSelectedElements.py'
2015-08-16 16:14:43: Copy New 'C:/Vault/Revit API/pyRevitWIP/SelectionMemA_MAppend.png' -> 'C:/Vault/Revit API/pyRevit/SelectionMemA_MAppend.png'
2015-08-16 16:14:43: Copy New 'C:/Vault/Revit API/pyRevitWIP/SelectionMemA_MAppend.py' -> 'C:/Vault/Revit API/pyRevit/SelectionMemA_MAppend.py'
2015-08-16 16:14:43: Copy New 'C:/Vault/Revit API/pyRevitWIP/SelectionMemA_MAppendOverwrite.png' -> 'C:/Vault/Revit API/pyRevit/SelectionMemA_MAppendOverwrite.png'
2015-08-16 16:14:43: Copy New 'C:/Vault/Revit API/pyRevitWIP/SelectionMemA_MAppendOverwrite.py' -> 'C:/Vault/Revit API/pyRevit/SelectionMemA_MAppendOverwrite.py'
2015-08-16 16:14:43: Copy New 'C:/Vault/Revit API/pyRevitWIP/SelectionMemA_MRead.png' -> 'C:/Vault/Revit API/pyRevit/SelectionMemA_MRead.png'
2015-08-16 16:14:43: Copy New 'C:/Vault/Revit API/pyRevitWIP/SelectionMemA_MRead.py' -> 'C:/Vault/Revit API/pyRevit/SelectionMemA_MRead.py'
2015-08-16 16:14:43: Copy New 'C:/Vault/Revit API/pyRevitWIP/Settings_aboutPyRevit.png' -> 'C:/Vault/Revit API/pyRevit/Settings_aboutPyRevit.png'
2015-08-16 16:14:43: Copy New 'C:/Vault/Revit API/pyRevitWIP/Settings_aboutPyRevit.py' -> 'C:/Vault/Revit API/pyRevit/Settings_aboutPyRevit.py'
2015-08-16 16:14:43: Copy New 'C:/Vault/Revit API/pyRevitWIP/Settings_downloadUpdates.png' -> 'C:/Vault/Revit API/pyRevit/Settings_downloadUpdates.png'
2015-08-16 16:14:43: Copy New 'C:/Vault/Revit API/pyRevitWIP/Settings_downloadUpdates.py' -> 'C:/Vault/Revit API/pyRevit/Settings_downloadUpdates.py'
2015-08-16 16:14:43: Copy New 'C:/Vault/Revit API/pyRevitWIP/Settings_reloadScripts.png' -> 'C:/Vault/Revit API/pyRevit/Settings_reloadScripts.png'
2015-08-16 16:14:43: Copy New 'C:/Vault/Revit API/pyRevitWIP/Sheets_addSelectedViewportsToSelectedSheets.py' -> 'C:/Vault/Revit API/pyRevit/Sheets_addSelectedViewportsToSelectedSheets.py'
2015-08-16 16:14:43: Copy New 'C:/Vault/Revit API/pyRevitWIP/Sheets_listAllRevisedSheets.py' -> 'C:/Vault/Revit API/pyRevit/Sheets_listAllRevisedSheets.py'
2015-08-16 16:14:43: Copy New 'C:/Vault/Revit API/pyRevitWIP/Sheets_moveSelectedViewportsToSelectedSheets.py' -> 'C:/Vault/Revit API/pyRevit/Sheets_moveSelectedViewportsToSelectedSheets.py'
2015-08-16 16:14:43: Copy New 'C:/Vault/Revit API/pyRevitWIP/Sheets_openSelectedViewport.py' -> 'C:/Vault/Revit API/pyRevit/Sheets_openSelectedViewport.py'
2015-08-16 16:14:43: Copy New 'C:/Vault/Revit API/pyRevitWIP/Sheets_shiftSelectedSheetsOneDown.py' -> 'C:/Vault/Revit API/pyRevit/Sheets_shiftSelectedSheetsOneDown.py'
2015-08-16 16:14:43: Copy New 'C:/Vault/Revit API/pyRevitWIP/Sheets_shiftSelectedSheetsOneUp.py' -> 'C:/Vault/Revit API/pyRevit/Sheets_shiftSelectedSheetsOneUp.py'
2015-08-16 16:14:43: Copy New 'C:/Vault/Revit API/pyRevitWIP/Sheets_shiftSelectedViewsBy30.py' -> 'C:/Vault/Revit API/pyRevit/Sheets_shiftSelectedViewsBy30.py'
2015-08-16 16:14:43: Copy New 'C:/Vault/Revit API/pyRevitWIP/Sheets_viewOrderingTool.png' -> 'C:/Vault/Revit API/pyRevit/Sheets_viewOrderingTool.png'
2015-08-16 16:14:43: Copy New 'C:/Vault/Revit API/pyRevitWIP/Sheets_viewOrderingTool.py' -> 'C:/Vault/Revit API/pyRevit/Sheets_viewOrderingTool.py'
2015-08-16 16:14:43: Copy New 'C:/Vault/Revit API/pyRevitWIP/Site_getParkingCount.py' -> 'C:/Vault/Revit API/pyRevit/Site_getParkingCount.py'
2015-08-16 16:14:43: Copy New 'C:/Vault/Revit API/pyRevitWIP/Spy_findAllLoadedAssemblies.py' -> 'C:/Vault/Revit API/pyRevit/Spy_findAllLoadedAssemblies.py'
2015-08-16 16:14:43: Copy New 'C:/Vault/Revit API/pyRevitWIP/templates/0000_panelName_StackedButtons_stackName.png' -> 'C:/Vault/Revit API/pyRevit/templates/0000_panelName_StackedButtons_stackName.png'
2015-08-16 16:14:43: Copy New 'C:/Vault/Revit API/pyRevitWIP/templates/catName_hyperlinkScript.png' -> 'C:/Vault/Revit API/pyRevit/templates/catName_hyperlinkScript.png'
2015-08-16 16:14:43: Copy New 'C:/Vault/Revit API/pyRevitWIP/templates/catName_wipScriptName.py' -> 'C:/Vault/Revit API/pyRevit/templates/catName_wipScriptName.py'
2015-08-16 16:14:43: Copy New 'C:/Vault/Revit API/pyRevitWIP/Text_mergeParagraphs.png' -> 'C:/Vault/Revit API/pyRevit/Text_mergeParagraphs.png'
2015-08-16 16:14:43: Copy New 'C:/Vault/Revit API/pyRevitWIP/Text_mergeParagraphs.py' -> 'C:/Vault/Revit API/pyRevit/Text_mergeParagraphs.py'
2015-08-16 16:14:44: Copy New 'C:/Vault/Revit API/pyRevitWIP/Text_mergeTextNotes.png' -> 'C:/Vault/Revit API/pyRevit/Text_mergeTextNotes.png'
2015-08-16 16:14:44: Copy New 'C:/Vault/Revit API/pyRevitWIP/Text_mergeTextNotes.py' -> 'C:/Vault/Revit API/pyRevit/Text_mergeTextNotes.py'
2015-08-16 16:14:44: Copy New 'C:/Vault/Revit API/pyRevitWIP/Text_removeReturnsInText.py' -> 'C:/Vault/Revit API/pyRevit/Text_removeReturnsInText.py'
2015-08-16 16:14:44: Copy New 'C:/Vault/Revit API/pyRevitWIP/Text_textToLower.png' -> 'C:/Vault/Revit API/pyRevit/Text_textToLower.png'
2015-08-16 16:14:44: Copy New 'C:/Vault/Revit API/pyRevitWIP/Text_textToLower.py' -> 'C:/Vault/Revit API/pyRevit/Text_textToLower.py'
2015-08-16 16:14:44: Copy New 'C:/Vault/Revit API/pyRevitWIP/Text_textToUpper.png' -> 'C:/Vault/Revit API/pyRevit/Text_textToUpper.png'
2015-08-16 16:14:44: Copy New 'C:/Vault/Revit API/pyRevitWIP/Text_textToUpper.py' -> 'C:/Vault/Revit API/pyRevit/Text_textToUpper.py'
2015-08-16 16:14:44: Copy New 'C:/Vault/Revit API/pyRevitWIP/User_simpleIn.png' -> 'C:/Vault/Revit API/pyRevit/User_simpleIn.png'
2015-08-16 16:14:44: Copy New 'C:/Vault/Revit API/pyRevitWIP/User_simpleIn.py' -> 'C:/Vault/Revit API/pyRevit/User_simpleIn.py'
2015-08-16 16:14:44: Copy New 'C:/Vault/Revit API/pyRevitWIP/User_simpleInOutList.png' -> 'C:/Vault/Revit API/pyRevit/User_simpleInOutList.png'
2015-08-16 16:14:44: Copy New 'C:/Vault/Revit API/pyRevitWIP/User_simpleInOutList.py' -> 'C:/Vault/Revit API/pyRevit/User_simpleInOutList.py'
2015-08-16 16:14:44: Copy New 'C:/Vault/Revit API/pyRevitWIP/User_simpleOut.png' -> 'C:/Vault/Revit API/pyRevit/User_simpleOut.png'
2015-08-16 16:14:44: Copy New 'C:/Vault/Revit API/pyRevitWIP/User_simpleOut.py' -> 'C:/Vault/Revit API/pyRevit/User_simpleOut.py'
2015-08-16 16:14:44: Copy New 'C:/Vault/Revit API/pyRevitWIP/Wipe_deleteIMPORTLinePatterns.py' -> 'C:/Vault/Revit API/pyRevit/Wipe_deleteIMPORTLinePatterns.py'
2015-08-16 16:14:44: Copy New 'C:/Vault/Revit API/pyRevitWIP/Wipe_deleteSiteDesignerLineStyles.py' -> 'C:/Vault/Revit API/pyRevit/Wipe_deleteSiteDesignerLineStyles.py'
2015-08-16 16:14:44: Copy New 'C:/Vault/Revit API/pyRevitWIP/Wipe_purgeAllExcept3D.py' -> 'C:/Vault/Revit API/pyRevit/Wipe_purgeAllExcept3D.py'
2015-08-16 16:14:44: Copy New 'C:/Vault/Revit API/pyRevitWIP/Wipe_removeAllConstraintsAttachedToSelectedObj.py' -> 'C:/Vault/Revit API/pyRevit/Wipe_removeAllConstraintsAttachedToSelectedObj.py'
2015-08-16 16:14:44: Copy New 'C:/Vault/Revit API/pyRevitWIP/Wipe_swapLineStyles.png' -> 'C:/Vault/Revit API/pyRevit/Wipe_swapLineStyles.png'
2015-08-16 16:14:44: Copy New 'C:/Vault/Revit API/pyRevitWIP/Wipe_swapLineStyles.py' -> 'C:/Vault/Revit API/pyRevit/Wipe_swapLineStyles.py'
2015-08-16 16:14:44: == Sync Complete. Time: 00:00:03, Speed: 63.4 KB/s, OK: 191, Errors: 0
2015-08-16 16:14:44: 
